2020-02-05 22:31:10.992  INFO 9548 --- [main] c.c.c.CarritoComprasApplication          : Starting CarritoComprasApplication on david-PC with PID 9548 (C:\Users\david\workspace\carritoCompras\target\classes started by david in C:\Users\david\workspace\carritoCompras)
2020-02-05 22:31:10.999  INFO 9548 --- [main] c.c.c.CarritoComprasApplication          : No active profile set, falling back to default profiles: default
2020-02-05 22:31:12.401  INFO 9548 --- [main] .s.d.r.c.RepositoryConfigurationDelegate : Bootstrapping Spring Data JPA repositories in DEFAULT mode.
2020-02-05 22:31:12.559  INFO 9548 --- [main] .s.d.r.c.RepositoryConfigurationDelegate : Finished Spring Data repository scanning in 139ms. Found 3 JPA repository interfaces.
2020-02-05 22:31:13.255  INFO 9548 --- [main] trationDelegate$BeanPostProcessorChecker : Bean 'org.springframework.transaction.annotation.ProxyTransactionManagementConfiguration' of type [org.springframework.transaction.annotation.ProxyTransactionManagementConfiguration] is not eligible for getting processed by all BeanPostProcessors (for example: not eligible for auto-proxying)
2020-02-05 22:31:13.893  INFO 9548 --- [main] o.s.b.w.embedded.tomcat.TomcatWebServer  : Tomcat initialized with port(s): 8080 (http)
2020-02-05 22:31:13.913  INFO 9548 --- [main] o.apache.catalina.core.StandardService   : Starting service [Tomcat]
2020-02-05 22:31:13.914  INFO 9548 --- [main] org.apache.catalina.core.StandardEngine  : Starting Servlet engine: [Apache Tomcat/9.0.30]
2020-02-05 22:31:14.138  INFO 9548 --- [main] o.a.c.c.C.[Tomcat].[localhost].[/]       : Initializing Spring embedded WebApplicationContext
2020-02-05 22:31:14.138  INFO 9548 --- [main] o.s.web.context.ContextLoader            : Root WebApplicationContext: initialization completed in 3002 ms
2020-02-05 22:31:14.407  INFO 9548 --- [main] com.zaxxer.hikari.HikariDataSource       : HikariPool-1 - Starting...
2020-02-05 22:31:14.912  INFO 9548 --- [main] com.zaxxer.hikari.HikariDataSource       : HikariPool-1 - Start completed.
2020-02-05 22:31:15.015  INFO 9548 --- [main] o.hibernate.jpa.internal.util.LogHelper  : HHH000204: Processing PersistenceUnitInfo [name: default]
2020-02-05 22:31:15.186  INFO 9548 --- [main] org.hibernate.Version                    : HHH000412: Hibernate Core {5.4.10.Final}
2020-02-05 22:31:15.493  INFO 9548 --- [main] o.hibernate.annotations.common.Version   : HCANN000001: Hibernate Commons Annotations {5.1.0.Final}
2020-02-05 22:31:15.756  INFO 9548 --- [main] org.hibernate.dialect.Dialect            : HHH000400: Using dialect: org.hibernate.dialect.H2Dialect
2020-02-05 22:31:16.208  WARN 9548 --- [main] org.hibernate.mapping.RootClass          : HHH000038: Composite-id class does not override equals(): com.carrito.carritoCompras.model.CartProductId
2020-02-05 22:31:16.209  WARN 9548 --- [main] org.hibernate.mapping.RootClass          : HHH000039: Composite-id class does not override hashCode(): com.carrito.carritoCompras.model.CartProductId
2020-02-05 22:31:17.125  INFO 9548 --- [main] o.h.e.t.j.p.i.JtaPlatformInitiator       : HHH000490: Using JtaPlatform implementation: [org.hibernate.engine.transaction.jta.platform.internal.NoJtaPlatform]
2020-02-05 22:31:17.138  INFO 9548 --- [main] j.LocalContainerEntityManagerFactoryBean : Initialized JPA EntityManagerFactory for persistence unit 'default'
2020-02-05 22:31:18.249  WARN 9548 --- [main] JpaBaseConfiguration$JpaWebConfiguration : spring.jpa.open-in-view is enabled by default. Therefore, database queries may be performed during view rendering. Explicitly configure spring.jpa.open-in-view to disable this warning
2020-02-05 22:31:18.441  INFO 9548 --- [main] o.s.s.concurrent.ThreadPoolTaskExecutor  : Initializing ExecutorService 'applicationTaskExecutor'
2020-02-05 22:31:18.754  INFO 9548 --- [main] o.s.s.c.ThreadPoolTaskScheduler          : Initializing ExecutorService 'taskScheduler'
2020-02-05 22:31:19.044  INFO 9548 --- [main] o.s.b.w.embedded.tomcat.TomcatWebServer  : Tomcat started on port(s): 8080 (http) with context path ''
2020-02-05 22:31:19.051  INFO 9548 --- [main] c.c.c.CarritoComprasApplication          : Started CarritoComprasApplication in 8.959 seconds (JVM running for 9.657)
2020-02-05 22:31:24.362  INFO 9548 --- [http-nio-8080-exec-5] o.a.c.c.C.[Tomcat].[localhost].[/]       : Initializing Spring DispatcherServlet 'dispatcherServlet'
2020-02-05 22:31:24.363  INFO 9548 --- [http-nio-8080-exec-5] o.s.web.servlet.DispatcherServlet        : Initializing Servlet 'dispatcherServlet'
2020-02-05 22:31:24.382  INFO 9548 --- [http-nio-8080-exec-5] o.s.web.servlet.DispatcherServlet        : Completed initialization in 19 ms
2020-02-05 22:31:48.843 ERROR 9548 --- [scheduling-1] Log checkout                             : No hay stock disponible para el carro de compra 6
2020-02-05 22:31:58.858 ERROR 9548 --- [scheduling-1] Log checkout                             : No hay stock disponible para el carro de compra 6
2020-02-05 22:42:14.232  INFO 3988 --- [main] c.c.c.CarritoComprasApplication          : Starting CarritoComprasApplication on david-PC with PID 3988 (C:\Users\david\workspace\carritoCompras\target\classes started by david in C:\Users\david\workspace\carritoCompras)
2020-02-05 22:42:14.239  INFO 3988 --- [main] c.c.c.CarritoComprasApplication          : No active profile set, falling back to default profiles: default
2020-02-05 22:42:15.694  INFO 3988 --- [main] .s.d.r.c.RepositoryConfigurationDelegate : Bootstrapping Spring Data JPA repositories in DEFAULT mode.
2020-02-05 22:42:15.844  INFO 3988 --- [main] .s.d.r.c.RepositoryConfigurationDelegate : Finished Spring Data repository scanning in 129ms. Found 3 JPA repository interfaces.
2020-02-05 22:42:16.591  INFO 3988 --- [main] trationDelegate$BeanPostProcessorChecker : Bean 'org.springframework.transaction.annotation.ProxyTransactionManagementConfiguration' of type [org.springframework.transaction.annotation.ProxyTransactionManagementConfiguration] is not eligible for getting processed by all BeanPostProcessors (for example: not eligible for auto-proxying)
2020-02-05 22:42:17.233  INFO 3988 --- [main] o.s.b.w.embedded.tomcat.TomcatWebServer  : Tomcat initialized with port(s): 8080 (http)
2020-02-05 22:42:17.253  INFO 3988 --- [main] o.apache.catalina.core.StandardService   : Starting service [Tomcat]
2020-02-05 22:42:17.253  INFO 3988 --- [main] org.apache.catalina.core.StandardEngine  : Starting Servlet engine: [Apache Tomcat/9.0.30]
2020-02-05 22:42:17.444  INFO 3988 --- [main] o.a.c.c.C.[Tomcat].[localhost].[/]       : Initializing Spring embedded WebApplicationContext
2020-02-05 22:42:17.445  INFO 3988 --- [main] o.s.web.context.ContextLoader            : Root WebApplicationContext: initialization completed in 3063 ms
2020-02-05 22:42:17.732  INFO 3988 --- [main] com.zaxxer.hikari.HikariDataSource       : HikariPool-1 - Starting...
2020-02-05 22:42:18.284  INFO 3988 --- [main] com.zaxxer.hikari.HikariDataSource       : HikariPool-1 - Start completed.
2020-02-05 22:42:18.382  INFO 3988 --- [main] o.hibernate.jpa.internal.util.LogHelper  : HHH000204: Processing PersistenceUnitInfo [name: default]
2020-02-05 22:42:18.544  INFO 3988 --- [main] org.hibernate.Version                    : HHH000412: Hibernate Core {5.4.10.Final}
2020-02-05 22:42:18.843  INFO 3988 --- [main] o.hibernate.annotations.common.Version   : HCANN000001: Hibernate Commons Annotations {5.1.0.Final}
2020-02-05 22:42:19.118  INFO 3988 --- [main] org.hibernate.dialect.Dialect            : HHH000400: Using dialect: org.hibernate.dialect.H2Dialect
2020-02-05 22:42:19.608  WARN 3988 --- [main] org.hibernate.mapping.RootClass          : HHH000038: Composite-id class does not override equals(): com.carrito.carritoCompras.model.CartProductId
2020-02-05 22:42:19.608  WARN 3988 --- [main] org.hibernate.mapping.RootClass          : HHH000039: Composite-id class does not override hashCode(): com.carrito.carritoCompras.model.CartProductId
2020-02-05 22:42:20.547  INFO 3988 --- [main] o.h.e.t.j.p.i.JtaPlatformInitiator       : HHH000490: Using JtaPlatform implementation: [org.hibernate.engine.transaction.jta.platform.internal.NoJtaPlatform]
2020-02-05 22:42:20.560  INFO 3988 --- [main] j.LocalContainerEntityManagerFactoryBean : Initialized JPA EntityManagerFactory for persistence unit 'default'
2020-02-05 22:42:21.689  WARN 3988 --- [main] JpaBaseConfiguration$JpaWebConfiguration : spring.jpa.open-in-view is enabled by default. Therefore, database queries may be performed during view rendering. Explicitly configure spring.jpa.open-in-view to disable this warning
2020-02-05 22:42:21.912  INFO 3988 --- [main] o.s.s.concurrent.ThreadPoolTaskExecutor  : Initializing ExecutorService 'applicationTaskExecutor'
2020-02-05 22:42:22.241  INFO 3988 --- [main] o.s.s.c.ThreadPoolTaskScheduler          : Initializing ExecutorService 'taskScheduler'
2020-02-05 22:42:22.541  INFO 3988 --- [main] o.s.b.w.embedded.tomcat.TomcatWebServer  : Tomcat started on port(s): 8080 (http) with context path ''
2020-02-05 22:42:22.547  INFO 3988 --- [main] c.c.c.CarritoComprasApplication          : Started CarritoComprasApplication in 9.168 seconds (JVM running for 9.858)
2020-02-05 22:42:31.912  INFO 3988 --- [http-nio-8080-exec-5] o.a.c.c.C.[Tomcat].[localhost].[/]       : Initializing Spring DispatcherServlet 'dispatcherServlet'
2020-02-05 22:42:31.913  INFO 3988 --- [http-nio-8080-exec-5] o.s.web.servlet.DispatcherServlet        : Initializing Servlet 'dispatcherServlet'
2020-02-05 22:42:31.932  INFO 3988 --- [http-nio-8080-exec-5] o.s.web.servlet.DispatcherServlet        : Completed initialization in 18 ms
2020-02-05 22:42:52.331 ERROR 3988 --- [ForkJoinPool.commonPool-worker-2] Log checkout                             : No hay stock disponible para el carro de compra 5
2020-02-05 22:43:02.339 ERROR 3988 --- [ForkJoinPool.commonPool-worker-3] Log checkout                             : No hay stock disponible para el carro de compra 5
